<?xml version="1.0" encoding="UTF-8"?>
<testsuite xmlns:xsi="http://www.w3.org/2001/XMLSchema-instance" xsi:noNamespaceSchemaLocation="https://maven.apache.org/surefire/maven-surefire-plugin/xsd/surefire-test-report-3.0.xsd" version="3.0" name="cs.nyuad.csuh3260.tictactoe.board.ScoreBoardTest" time="1.088" tests="8" errors="0" skipped="0" failures="0">
  <properties>
[...]
</properties>
  <testcase name="testUpdateScores_InvalidPlayer" classname="cs.nyuad.csuh3260.tictactoe.board.ScoreBoardTest" time="0.071"/>
  <testcase name="testUpdateScores_MultipleGames" classname="cs.nyuad.csuh3260.tictactoe.board.ScoreBoardTest" time="0.002"/>
  <testcase name="testUpdateScores_OWins" classname="cs.nyuad.csuh3260.tictactoe.board.ScoreBoardTest" time="0.001"/>
  <testcase name="testUpdateScores_XWins" classname="cs.nyuad.csuh3260.tictactoe.board.ScoreBoardTest" time="0.002"/>
  <testcase name="testPrintScores" classname="cs.nyuad.csuh3260.tictactoe.board.ScoreBoardTest" time="0.974"/>
  <testcase name="testUpdateScores_Tie" classname="cs.nyuad.csuh3260.tictactoe.board.ScoreBoardTest" time="0.001"/>
  <testcase name="testUpdateScoresWithNullMultipleTimes" classname="cs.nyuad.csuh3260.tictactoe.board.ScoreBoardTest" time="0.001"/>
  <testcase name="testInitialScores" classname="cs.nyuad.csuh3260.tictactoe.board.ScoreBoardTest" time="0.001"/>
</testsuite>